<?xml version="1.0" encoding="UTF-8"?>
<!-- Generated by org.testng.reporters.JUnitReportReporter -->
<testsuite hostname="Manasa" name="PageObjectModel.HomePageTest" tests="2" failures="0" timestamp="24 May 2019 14:31:11 GMT" time="151.318" errors="0">
  <testcase name="basePageNavigation" time="54.765" classname="PageObjectModel.HomePageTest"/>
  <testcase name="basePageNavigation" time="96.553" classname="PageObjectModel.HomePageTest"/>
</testsuite> <!-- PageObjectModel.HomePageTest -->
