<?xml version="1.0" encoding="UTF-8"?>
<!-- Generated by org.testng.reporters.JUnitReportReporter -->
<testsuite hostname="Manasa" name="PageObjectModel.ValidateTitle" tests="1" failures="0" timestamp="24 May 2019 14:31:10 GMT" time="1.677" errors="0">
  <testcase name="basePageNavigation" time="1.677" classname="PageObjectModel.ValidateTitle"/>
</testsuite> <!-- PageObjectModel.ValidateTitle -->
