<?xml version="1.0" encoding="UTF-8"?>
<!-- Generated by org.testng.reporters.JUnitReportReporter -->
<testsuite hostname="Manasa" name="PageObjectModel.ValidateNavigationBar" tests="1" failures="0" timestamp="24 May 2019 14:31:11 GMT" time="11.192" errors="0">
  <testcase name="basePageNavigation" time="11.192" classname="PageObjectModel.ValidateNavigationBar"/>
</testsuite> <!-- PageObjectModel.ValidateNavigationBar -->
