<?xml version="1.0" encoding="UTF-8"?>
<!-- Generated by org.testng.reporters.JUnitReportReporter -->
<testsuite hostname="Manasa" name="PageObjectModel.ValidateNavigationBar" tests="1" failures="0" timestamp="26 May 2019 00:33:44 GMT" time="1.400" errors="0">
  <testcase name="basePageNavigation" time="1.400" classname="PageObjectModel.ValidateNavigationBar"/>
</testsuite> <!-- PageObjectModel.ValidateNavigationBar -->
