<?xml version="1.0" encoding="UTF-8"?>
<!-- Generated by org.testng.reporters.JUnitReportReporter -->
<testsuite hostname="Manasa" name="PageObjectModel.HomePageTest" tests="2" failures="0" timestamp="26 May 2019 00:33:44 GMT" time="60.903" errors="0">
  <testcase name="basePageNavigation" time="43.285" classname="PageObjectModel.HomePageTest"/>
  <testcase name="basePageNavigation" time="17.618" classname="PageObjectModel.HomePageTest"/>
</testsuite> <!-- PageObjectModel.HomePageTest -->
